<?xml version="1.0" encoding="UTF-8"?>
<!-- Generated by org.testng.reporters.JUnitXMLReporter -->
<testsuite ignored="0" hostname="LAPTOP-CES0NF47" failures="0" tests="6" name="Default test" time="127.519" errors="0" timestamp="2026-02-25T10:30:35 PST">
  <testcase classname="Sauce_Demo.Sauce_Demo.CompleteCheckout" name="login" time="19.218"/>
  <testcase classname="Sauce_Demo.Sauce_Demo.CompleteCheckout" name="verifyProductlist" time="26.384"/>
  <testcase classname="Sauce_Demo.Sauce_Demo.CompleteCheckout" name="additem" time="22.132"/>
  <testcase classname="Sauce_Demo.Sauce_Demo.CompleteCheckout" name="cart" time="8.235"/>
  <testcase classname="Sauce_Demo.Sauce_Demo.CompleteCheckout" name="checkout" time="46.001"/>
  <testcase classname="Sauce_Demo.Sauce_Demo.CompleteCheckout" name="logout" time="5.357"/>
</testsuite> <!-- Default test -->
