<?xml version="1.0" encoding="UTF-8"?>
<!-- Generated by org.testng.reporters.JUnitReportReporter -->
<testsuite hostname="LAPTOP-CES0NF47" failures="0" tests="6" name="Sauce_Demo.Sauce_Demo.CompleteCheckout" time="127.327" errors="0" timestamp="2026-02-25T10:30:35 PST" skipped="0">
  <testcase classname="Sauce_Demo.Sauce_Demo.CompleteCheckout" name="login" time="19.218"/>
  <system-out/>
  <testcase classname="Sauce_Demo.Sauce_Demo.CompleteCheckout" name="verifyProductlist" time="26.384"/>
  <system-out/>
  <testcase classname="Sauce_Demo.Sauce_Demo.CompleteCheckout" name="additem" time="22.132"/>
  <system-out/>
  <testcase classname="Sauce_Demo.Sauce_Demo.CompleteCheckout" name="cart" time="8.235"/>
  <system-out/>
  <testcase classname="Sauce_Demo.Sauce_Demo.CompleteCheckout" name="checkout" time="46.001"/>
  <system-out/>
  <testcase classname="Sauce_Demo.Sauce_Demo.CompleteCheckout" name="logout" time="5.357"/>
  <system-out/>
</testsuite> <!-- Sauce_Demo.Sauce_Demo.CompleteCheckout -->
