<?xml version="1.0" encoding="UTF-8"?>
<testng-results ignored="0" total="6" passed="6" failed="0" skipped="0">
  <reporter-output>
  </reporter-output>
  <suite started-at="2026-02-25T10:28:27 PST" name="Default suite" finished-at="2026-02-25T10:30:35 PST" duration-ms="127519">
    <groups>
    </groups>
    <test started-at="2026-02-25T10:28:27 PST" name="Default test" finished-at="2026-02-25T10:30:35 PST" duration-ms="127519">
      <class name="Sauce_Demo.Sauce_Demo.CompleteCheckout">
        <test-method signature="login()[pri:1, instance:Sauce_Demo.Sauce_Demo.CompleteCheckout@a22cb6a]" started-at="2026-02-25T10:28:28 PST" name="login" finished-at="2026-02-25T10:28:47 PST" duration-ms="19218" status="PASS">
          <reporter-output>
          </reporter-output>
        </test-method> <!-- login -->
        <test-method signature="verifyProductlist()[pri:2, instance:Sauce_Demo.Sauce_Demo.CompleteCheckout@a22cb6a]" started-at="2026-02-25T10:28:47 PST" name="verifyProductlist" finished-at="2026-02-25T10:29:13 PST" duration-ms="26384" status="PASS">
          <reporter-output>
          </reporter-output>
        </test-method> <!-- verifyProductlist -->
        <test-method signature="additem()[pri:3, instance:Sauce_Demo.Sauce_Demo.CompleteCheckout@a22cb6a]" started-at="2026-02-25T10:29:13 PST" name="additem" finished-at="2026-02-25T10:29:35 PST" duration-ms="22132" status="PASS">
          <reporter-output>
          </reporter-output>
        </test-method> <!-- additem -->
        <test-method signature="cart()[pri:4, instance:Sauce_Demo.Sauce_Demo.CompleteCheckout@a22cb6a]" started-at="2026-02-25T10:29:35 PST" name="cart" finished-at="2026-02-25T10:29:44 PST" duration-ms="8235" status="PASS">
          <reporter-output>
          </reporter-output>
        </test-method> <!-- cart -->
        <test-method signature="checkout()[pri:5, instance:Sauce_Demo.Sauce_Demo.CompleteCheckout@a22cb6a]" started-at="2026-02-25T10:29:44 PST" name="checkout" finished-at="2026-02-25T10:30:30 PST" duration-ms="46001" status="PASS">
          <reporter-output>
          </reporter-output>
        </test-method> <!-- checkout -->
        <test-method signature="logout()[pri:5, instance:Sauce_Demo.Sauce_Demo.CompleteCheckout@a22cb6a]" started-at="2026-02-25T10:30:30 PST" name="logout" finished-at="2026-02-25T10:30:35 PST" duration-ms="5357" status="PASS">
          <reporter-output>
          </reporter-output>
        </test-method> <!-- logout -->
      </class> <!-- Sauce_Demo.Sauce_Demo.CompleteCheckout -->
    </test> <!-- Default test -->
  </suite> <!-- Default suite -->
</testng-results>
